<?xml version="1.0" encoding="UTF-8"?>
<testsuite name="TestStart" tests="1" skipped="0" failures="0" errors="0" timestamp="2019-04-07T07:04:32" hostname="macpro.local" time="0.001">
  <properties/>
  <testcase name="testOk" classname="TestStart" time="0.001"/>
  <system-out><![CDATA[]]></system-out>
  <system-err><![CDATA[]]></system-err>
</testsuite>
